SF:lib\src\presentation\features\counter\cubits\counter_cubit.dart
DA:12,6
DA:15,4
DA:18,4
LF:3
LH:3
end_of_record
SF:lib\src\presentation\features\app\counter_app.dart
DA:12,4
LF:1
LH:1
end_of_record
SF:lib\src\presentation\features\counter\views\counter_page.dart
DA:16,5
DA:18,2
DA:20,2
DA:21,4
LF:4
LH:4
end_of_record
SF:lib\src\presentation\features\counter\views\counter_view.dart
DA:15,6
DA:17,3
DA:19,6
DA:21,3
DA:22,3
DA:23,3
DA:24,3
DA:25,3
DA:26,9
DA:30,3
DA:33,3
DA:34,3
DA:37,3
DA:40,3
DA:43,3
LF:15
LH:15
end_of_record
